#
# A fatal error has been detected by the Java Runtime Environment:
#
#  EXCEPTION_ACCESS_VIOLATION (0xc0000005) at pc=0x00007ffc3190be01, pid=12624, tid=14544
#
# JRE version: OpenJDK Runtime Environment (23.0+37) (build 23+37-2369)
# Java VM: OpenJDK 64-Bit Server VM (23+37-2369, mixed mode, sharing, tiered, compressed oops, compressed class ptrs, g1 gc, windows-amd64)
# Problematic frame:
# C  [awt.dll+0xdbe01]
#
# No core dump will be written. Minidumps are not enabled by default on client versions of Windows
#
# If you would like to submit a bug report, please visit:
#   https://bugreport.java.com/bugreport/crash.jsp
# The crash happened outside the Java Virtual Machine in native code.
# See problematic frame for where to report the bug.
#

---------------  S U M M A R Y ------------

Command Line: -javaagent:C:\Program Files\JetBrains\IntelliJ IDEA 2024.2.3\lib\idea_rt.jar=59846:C:\Program Files\JetBrains\IntelliJ IDEA 2024.2.3\bin -Dfile.encoding=UTF-8 -Dsun.stdout.encoding=UTF-8 -Dsun.stderr.encoding=UTF-8 GestionBibliotheque

Host: AMD 3020e with Radeon Graphics                 , 2 cores, 5G,  Windows 10 , 64 bit Build 19041 (10.0.19041.4957)
Time: Tue Oct 15 17:11:32 2024 Paris, Madrid (heure duild 19041 (10.0.19041.4957) elapsed time: 357.105449 seconds (0d 0h 5m 57s)

---------------  T H R E A D  ---------------

Current thread (0x000001f99794f0a0):  JavaThread "AWT-Windows" daemon [_thread_in_native, id=14544, stack(0x0000003887000000,0x0000003887100000) (1024K)]

Stack: [0x0000003887000000,0x0000003887100000],  sp=0x00000038870feb70,  free space=1018k
Native frames: (J=compiled Java code, j=interpreted, Vv=VM code, C=native code)
C  [awt.dll+0xdbe01]  (no source info available)
C  [awt.dll+0x9783c]  (no source info available)
C  [awt.dll+0x978e6]  (no source info available)
C  [awt.dll+0x94cb6]  (no source info available)
C  [awt.dll+0xe0f8c]  (no source info available)
C  [awt.dll+0xb0d3d]  (no source info available)
C  [awt.dll+0x97e1d]  (no source info available)
C  [USER32.dll+0xef5c]  (no source info available)
C  [USER32.dll+0xe9de]  (no source info available)
C  [awt.dll+0x161c3]  (no source info available)
C  [COMCTL32.dll+0x89aaa]  (no source info available)
C  [COMCTL32.dll+0x898a7]  (no source info available)
C  [USER32.dll+0xef5c]  (no source info available)
C  [USER32.dll+0xe684]  (no source info available)
C  [awt.dll+0xd530e]  (no source info available)
C  [awt.dll+0xd7242]  (no source info available)
C  0x000001f98fbad207  (no source info available)

The last pc belongs to native method entry point (kind = native) (printed below).
Java frames: (J=compiled Java code, j=interpreted, Vv=VM code)
j  sun.awt.windows.WToolkit.eventLoop()V+0 java.desktop@23
j  sun.awt.windows.WToolkit.run()V+50 java.desktop@23
j  java.lang.Thread.runWith(Ljava/lang/Object;Ljava/lang/Runnable;)V+5 java.base@23
j  java.lang.Thread.run()V+19 java.base@23
v  ~StubRoutines::call_stub 0x000001f98fba0fcd

siginfo: EXCEPTION_ACCESS_VIOLATION (0xc0000005), reading address 0x0000000000000008


Registers:
RAX=0x0000000000000000, RBX=0x000001f9e3ebf910, RCX=0x0000000000000000, RDX=0x0000000000000000
RSP=0x00000038870feb70, RBP=0x00000038870fec79, RSI=0x00000000390101c5, RDI=0x0000000000000000
R8 =0x0000000000000001, R9 =0x00000038870fec79, R10=0x0000000000000000, R11=0x0000000000000246
R12=0x0000000000000000, R13=0x0000000000000310, R14=0x0000000000000000, R15=0x0000000000000000
RIP=0x00007ffc3190be01, EFLAGS=0x0000000000010246


Register to memory mapping:

RAX=0x0 is null
RBX=0x000001f9e3ebf910 points into unknown readable memory: 0x000001f9e20bfb50 | 50 fb 0b e2 f9 01 00 00
RCX=0x0 is null
RDX=0x0 is null
RSP=0x00000038870feb70 is pointing into the stack for thread: 0x000001f99794f0a0
RBP=0x00000038870fec79 is pointing into the stack for thread: 0x000001f99794f0a0
RSI=0x00000000390101c5 is an unknown value
RDI=0x0 is null
R8 =0x0000000000000001 is an unknown value
R9 =0x00000038870fec79 is pointing into the stack for thread: 0x000001f99794f0a0
R10=0x0 is null
R11=0x0000000000000246 is an unknown value
R12=0x0 is null
R13=0x0000000000000310 is an unknown value
R14=0x0 is null
R15=0x0 is null

Top of Stack: (sp=0x00000038870feb70)
0x00000038870feb70:   00007ffc31969838 00000000390101c5
0x00000038870feb80:   0000000000000000 0000000000000000
0x00000038870feb90:   0000000000000000 00007ffc318c783c
0x00000038870feba0:   00000000390101c5 000001f9e20ac570
0x00000038870febb0:   000001f9e3ebf910 00007ffc67e0e9de
0x00000038870febc0:   0000000000000000 00007ffc318c78e6
0x00000038870febd0:   000001f9e20ac570 00007ffc31830000
0x00000038870febe0:   0000000000000000 0000000000000000
0x00000038870febf0:   0000000000000000 00007ffc318c4cb6
0x00000038870fec00:   000001f9e20ac570 0000000000000000
0x00000038870fec10:   0000000000000000 00000038870fef60
0x00000038870fec20:   000000000000c23f 00007ffc69afafe0
0x00000038870fec30:   0000000000000000 0000000000000080
0x00000038870fec40:   0000000000000000 00007ffc52f19aaa
0x00000038870fec50:   0000000000000000 00007ffc699a9877
0x00000038870fec60:   00000038870fed20 000001f99794f460
0x00000038870fec70:   000001f9e20ac610 0000000000000000
0x00000038870fec80:   0000000100000001 0000ad2f48535456
0x00000038870fec90:   0000000000000001 0000000000000000
0x00000038870feca0:   0000000000000000 0000000000000000
0x00000038870fecb0:   0000000000000000 0000000000000310
0x00000038870fecc0:   0000000000000000 000001f9e20ac570
0x00000038870fecd0:   000001f9e20ac570 00007ffc31910f8c
0x00000038870fece0:   0000000000000001 0000000000000000
0x00000038870fecf0:   0000000000000000 ebdfeca56a8cb1ac
0x00000038870fed00:   450285120000c23f 8090833cf6d41aa0
0x00000038870fed10:   0000000000000000 000000000020047a
0x00000038870fed20:   000001f9f6843a30 00007ffc67e10317
0x00000038870fed30:   0000000000000000 00007ffc699a9993
0x00000038870fed40:   000000388565a800 00000000ffffffeb
0x00000038870fed50:   0000000000000000 0000ad2f485354b6
0x00000038870fed60:   00000038870fef60 0000000000000000 

Instructions: (pc=0x00007ffc3190be01)
0x00007ffc3190bd01:   83 ec 28 66 0f 6e c2 0f 5b c0 f3 0f 59 41 48 0f
0x00007ffc3190bd11:   5a c8 f2 0f 10 05 bd 4e 03 00 f2 0f 5c 0d e5 4e
0x00007ffc3190bd21:   01 00 66 0f 2f c1 76 0a b8 00 00 00 80 48 83 c4
0x00007ffc3190bd31:   28 c3 66 0f 2f 0d 65 98 02 00 76 0a b8 ff ff ff
0x00007ffc3190bd41:   7f 48 83 c4 28 c3 0f 28 c1 e8 af 0e 01 00 f2 0f
0x00007ffc3190bd51:   2c c0 48 83 c4 28 c3 cc cc cc cc cc cc cc cc 48
0x00007ffc3190bd61:   83 ec 28 66 0f 6e c2 0f 5b c0 f3 0f 59 41 4c 0f
0x00007ffc3190bd71:   5a c8 f2 0f 10 05 5d 4e 03 00 f2 0f 5c 0d 85 4e
0x00007ffc3190bd81:   01 00 66 0f 2f c1 76 0a b8 00 00 00 80 48 83 c4
0x00007ffc3190bd91:   28 c3 66 0f 2f 0d 05 98 02 00 76 0a b8 ff ff ff
0x00007ffc3190bda1:   7f 48 83 c4 28 c3 0f 28 c1 e8 4f 0e 01 00 f2 0f
0x00007ffc3190bdb1:   2c c0 48 83 c4 28 c3 cc cc cc cc cc cc cc cc 48
0x00007ffc3190bdc1:   8b 49 08 48 85 c9 0f 85 b3 7c fe ff 33 c0 c3 48
0x00007ffc3190bdd1:   89 5c 24 08 48 89 74 24 10 57 48 83 ec 20 8b fa
0x00007ffc3190bde1:   48 8b f1 e8 b7 be f4 ff 48 8b d8 48 89 44 24 40
0x00007ffc3190bdf1:   41 b8 01 00 00 00 8b d7 48 8b c8 e8 1f be f4 ff
0x00007ffc3190be01:   48 8b 48 08 48 85 c9 74 0d 48 8b d6 e8 6e 7c fe
0x00007ffc3190be11:   ff 48 8b f8 eb 02 33 ff 48 8b cb e8 3f c0 f4 ff
0x00007ffc3190be21:   90 48 8b c7 48 8b 5c 24 30 48 8b 74 24 38 48 83
0x00007ffc3190be31:   c4 20 5f c3 cc cc cc cc cc cc cc cc cc cc cc 48
0x00007ffc3190be41:   8b 01 89 10 c3 cc cc cc cc cc cc cc cc cc cc 40
0x00007ffc3190be51:   57 48 83 ec 40 48 83 79 38 00 48 8b f9 0f 84 96
0x00007ffc3190be61:   01 00 00 48 8b 0d b5 9f 06 00 ba 02 00 01 00 48
0x00007ffc3190be71:   89 5c 24 58 48 89 74 24 68 e8 40 d8 00 00 4c 8b
0x00007ffc3190be81:   05 12 a5 06 00 48 8b c8 48 8b 57 38 48 8b d8 4c
0x00007ffc3190be91:   8b 08 41 ff 91 f8 02 00 00 48 8b f0 48 85 c0 0f
0x00007ffc3190bea1:   84 4a 01 00 00 4c 8b 0b 48 8b d0 4c 8b 05 d5 a4
0x00007ffc3190beb1:   06 00 48 8b cb 41 ff 91 00 01 00 00 84 c0 0f 84
0x00007ffc3190bec1:   2b 01 00 00 48 8b 7f 08 48 8b d6 48 8b 03 48 8b
0x00007ffc3190bed1:   cb 4c 8b 05 c7 a4 06 00 48 81 c7 00 04 00 00 48
0x00007ffc3190bee1:   89 6c 24 60 4c 89 64 24 38 ff 90 f8 02 00 00 4c
0x00007ffc3190bef1:   8b 0b 48 8b d6 4c 8b 05 ab a4 06 00 48 8b cb 4c 


Stack slot to memory mapping:

stack at sp + 0 slots: 0x00007ffc31969838 awt.dll
stack at sp + 1 slots: 0x00000000390101c5 is an unknown value
stack at sp + 2 slots: 0x0 is null
stack at sp + 3 slots: 0x0 is null
stack at sp + 4 slots: 0x0 is null
stack at sp + 5 slots: 0x00007ffc318c783c awt.dll
stack at sp + 6 slots: 0x00000000390101c5 is an unknown value
stack at sp + 7 slots: 0x000001f9e20ac570 points into unknown readable memory: 0x00007ffc3193c860 | 60 c8 93 31 fc 7f 00 00

Lock stack of current Java thread (top to bottom):

native method entry point (kind = native)  [0x000001f98fbacde0, 0x000001f98fbad938]  2904 bytes
[MachCode]
  0x000001f98fbacde0: 488b 4b08 | 0fb7 492e | 584c 8d74 | ccf8 6800 | 0000 0068 | 0000 0000 | 5055 488b | ec41 5568 
  0x000001f98fbace00: 0000 0000 | 4c8b 6b08 | 4d8d 6d38 | 5348 8b53 | 0848 8b52 | 0848 8b52 | 1848 8b52 | 7048 8b12 
  0x000001f98fbace20: 5248 8b53 | 1048 85d2 | 0f84 0700 | 0000 4881 | c210 0100 | 0052 488b | 5308 488b | 5208 488b 
  0x000001f98fbace40: 5210 5249 | 8bc6 482b | c548 c1e8 | 0350 6800 | 0000 0068 | f7ff ffff | 41c6 8771 | 0400 0001 
  0x000001f98fbace60: 488b 4310 | 4885 c074 | 208b 88cc | 0000 0083 | c102 8988 | cc00 0000 | 2388 e000 | 0000 0f84 
  0x000001f98fbace80: 000a 0000 | e9cf 0000 | 0048 8b43 | 1848 85c0 | 0f85 b000 | 0000 e805 | 0000 00e9 | 9900 0000 
  0x000001f98fbacea0: 488b d348 | 8d44 2408 | 4c89 6dc0 | 498b cfc5 | f877 4989 | afb0 0300 | 0049 8987 | a003 0000 
  0x000001f98fbacec0: 4883 ec20 | 40f6 c40f | 0f84 1900 | 0000 4883 | ec08 48b8 | 9026 431d | fc7f 0000 | ffd0 4883 
  0x000001f98fbacee0: c408 e90c | 0000 0048 | b890 2643 | 1dfc 7f00 | 00ff d048 | 83c4 2049 | c787 a003 | 0000 0000 
  0x000001f98fbacf00: 0000 49c7 | 87b0 0300 | 0000 0000 | 0049 c787 | a803 0000 | 0000 0000 | c5f8 7749 | 837f 0800 
  0x000001f98fbacf20: 0f84 0500 | 0000 e995 | 3fff ff4c | 8b6d c04c | 8b75 c84e | 8d74 f500 | c348 8b43 | 1848 85c0 
  0x000001f98fbacf40: 0f84 1200 | 0000 8b48 | 0883 c102 | 8948 0823 | 481c 0f84 | 2c09 0000 | 493b a7e8 | 0400 000f 
  0x000001f98fbacf60: 8748 0000 | 0089 8424 | 00f0 ffff | 8984 2400 | e0ff ff89 | 8424 00d0 | ffff 8984 | 2400 c0ff 
  0x000001f98fbacf80: ff89 8424 | 00b0 ffff | 8984 2400 | a0ff ff89 | 8424 0090 | ffff 8984 | 2400 80ff | ff49 3ba7 
  0x000001f98fbacfa0: e004 0000 | 7607 4989 | a7e8 0400 | 0041 c687 | 7104 0000 | 0049 ba41 | adca 1dfc | 7f00 0041 
  0x000001f98fbacfc0: 803a 000f | 843e 0000 | 0048 8b55 | e849 8bcf | 4883 ec20 | 40f6 c40f | 0f84 1900 | 0000 4883 
  0x000001f98fbacfe0: ec08 48b8 | 00ee 7a1d | fc7f 0000 | ffd0 4883 | c408 e90c | 0000 0048 | b800 ee7a | 1dfc 7f00 
  0x000001f98fbad000: 00ff d048 | 83c4 2048 | 8b5d e84c | 8b5b 0845 | 0fb7 5b2e | 41c1 e303 | 492b e348 | 83ec 2048 
  0x000001f98fbad020: 83e4 f04c | 8b5b 604d | 85db 0f85 | ab00 0000 | e805 0000 | 00e9 9900 | 0000 488b | d348 8d44 
  0x000001f98fbad040: 2408 4c89 | 6dc0 498b | cfc5 f877 | 4989 afb0 | 0300 0049 | 8987 a003 | 0000 4883 | ec20 40f6 
  0x000001f98fbad060: c40f 0f84 | 1900 0000 | 4883 ec08 | 48b8 f04d | 431d fc7f | 0000 ffd0 | 4883 c408 | e90c 0000 
  0x000001f98fbad080: 0048 b8f0 | 4d43 1dfc | 7f00 00ff | d048 83c4 | 2049 c787 | a003 0000 | 0000 0000 | 49c7 87b0 
  0x000001f98fbad0a0: 0300 0000 | 0000 0049 | c787 a803 | 0000 0000 | 0000 c5f8 | 7749 837f | 0800 0f84 | 0500 0000 
  0x000001f98fbad0c0: e9fb 3dff | ff4c 8b6d | c04c 8b75 | c84e 8d74 | f500 c348 | 8b5d e84c | 8b5b 6041 | ffd3 488b 
  0x000001f98fbad0e0: 5de8 4889 | 4518 448b | 5b28 41f6 | c308 0f84 | 1b00 0000 | 4c8b 5b08 | 4d8b 5b08 | 4d8b 5b18 
  0x000001f98fbad100: 4d8b 5b70 | 4d8b 1b4c | 895d 1048 | 8d55 1048 | 8b43 5849 | ba50 3c7b | 1dfc 7f00 | 0049 3bc2 
  0x000001f98fbad120: 0f85 ab00 | 0000 e805 | 0000 00e9 | 9900 0000 | 488b d348 | 8d44 2408 | 4c89 6dc0 | 498b cfc5 
  0x000001f98fbad140: f877 4989 | afb0 0300 | 0049 8987 | a003 0000 | 4883 ec20 | 40f6 c40f | 0f84 1900 | 0000 4883 
  0x000001f98fbad160: ec08 48b8 | f04d 431d | fc7f 0000 | ffd0 4883 | c408 e90c | 0000 0048 | b8f0 4d43 | 1dfc 7f00 
  0x000001f98fbad180: 00ff d048 | 83c4 2049 | c787 a003 | 0000 0000 | 0000 49c7 | 87b0 0300 | 0000 0000 | 0049 c787 
  0x000001f98fbad1a0: a803 0000 | 0000 0000 | c5f8 7749 | 837f 0800 | 0f84 0500 | 0000 e905 | 3dff ff4c | 8b6d c04c 
  0x000001f98fbad1c0: 8b75 c84e | 8d74 f500 | c348 8b5d | e848 8b43 | 5849 8d8f | c003 0000 | c5f8 7749 | 89af b003 
  0x000001f98fbad1e0: 0000 49ba | d8d1 ba8f | f901 0000 | 4d89 97a8 | 0300 0049 | 89a7 a003 | 0000 41c7 | 8744 0400 
  0x000001f98fbad200: 0004 0000 | 00ff d0c5 | f877 4883 | ec10 c5fb | 1104 2448 | 83ec 1048 | 8904 2448 | c744 2408 
  0x000001f98fbad220: 0000 0000 | 41c7 8744 | 0400 0005 | 0000 00f0 | 8344 24c0 | 0049 3baf | 4804 0000 | 0f87 0e00 
  0x000001f98fbad240: 0000 4183 | bf40 0400 | 0000 0f84 | 2000 0000 | 498b cf4c | 8be4 4883 | ec20 4883 | e4f0 48b8 
  0x000001f98fbad260: 90a9 441d | fc7f 0000 | ffd0 498b | e44d 33e4 | 41c7 8744 | 0400 0008 | 0000 0049 | c787 a003 
  0x000001f98fbad280: 0000 0000 | 0000 49c7 | 87b0 0300 | 0000 0000 | 0049 c787 | a803 0000 | 0000 0000 | c5f8 774d 
  0x000001f98fbad2a0: 8b9f 3004 | 0000 41c7 | 8300 0100 | 0000 0000 | 0049 bbda | a5ba 8ff9 | 0100 004c | 3b5d 180f 
  0x000001f98fbad2c0: 8524 0200 | 0048 8b04 | 2448 83c4 | 1048 85c0 | 0f84 fe01 | 0000 a803 | 0f85 0800 | 0000 488b 
  0x000001f98fbad2e0: 00e9 ee01 | 0000 a801 | 0f85 0900 | 0000 488b | 40fe e9dd | 0100 0048 | 8b40 ff41 | 807f 3800 
  0x000001f98fbad300: 0f84 ce01 | 0000 4883 | f800 0f84 | c401 0000 | 4d8b 5f28 | 4983 fb00 | 0f84 1400 | 0000 4983 
  0x000001f98fbad320: eb08 4d89 | 5f28 4d03 | 5f30 4989 | 03e9 a201 | 0000 4881 | ecd0 0000 | 0048 8904 | 2448 894c 
  0x000001f98fbad340: 2408 4889 | 5424 1048 | 8974 2418 | 4889 7c24 | 204c 8944 | 2428 4c89 | 4c24 304c | 8954 2438 
  0x000001f98fbad360: 4c89 5c24 | 40c5 fb11 | 4424 50c5 | fb11 4c24 | 58c5 fb11 | 5424 60c5 | fb11 5c24 | 68c5 fb11 
  0x000001f98fbad380: 6424 70c5 | fb11 6c24 | 78c5 fb11 | b424 8000 | 0000 c5fb | 11bc 2488 | 0000 00c5 | 7b11 8424 
  0x000001f98fbad3a0: 9000 0000 | c57b 118c | 2498 0000 | 00c5 7b11 | 9424 a000 | 0000 c57b | 119c 24a8 | 0000 00c5 
  0x000001f98fbad3c0: 7b11 a424 | b000 0000 | c57b 11ac | 24b8 0000 | 00c5 7b11 | b424 c000 | 0000 c57b | 11bc 24c8 
  0x000001f98fbad3e0: 0000 0049 | 8bd7 488b | c848 83ec | 2040 f6c4 | 0f0f 8419 | 0000 0048 | 83ec 0848 | b8e0 0738 
  0x000001f98fbad400: 1dfc 7f00 | 00ff d048 | 83c4 08e9 | 0c00 0000 | 48b8 e007 | 381d fc7f | 0000 ffd0 | 4883 c420 
  0x000001f98fbad420: c57b 10bc | 24c8 0000 | 00c5 7b10 | b424 c000 | 0000 c57b | 10ac 24b8 | 0000 00c5 | 7b10 a424 
  0x000001f98fbad440: b000 0000 | c57b 109c | 24a8 0000 | 00c5 7b10 | 9424 a000 | 0000 c57b | 108c 2498 | 0000 00c5 
  0x000001f98fbad460: 7b10 8424 | 9000 0000 | c5fb 10bc | 2488 0000 | 00c5 fb10 | b424 8000 | 0000 c5fb | 106c 2478 
  0x000001f98fbad480: c5fb 1064 | 2470 c5fb | 105c 2468 | c5fb 1054 | 2460 c5fb | 104c 2458 | c5fb 1044 | 2450 4c8b 
  0x000001f98fbad4a0: 5c24 404c | 8b54 2438 | 4c8b 4c24 | 304c 8b44 | 2428 488b | 7c24 2048 | 8b74 2418 | 488b 5424 
  0x000001f98fbad4c0: 1048 8b4c | 2408 488b | 0424 4881 | c4d0 0000 | 00c5 f877 | 4889 4510 | 4883 ec10 | 4889 0424 
  0x000001f98fbad4e0: 48c7 4424 | 0800 0000 | 0041 83bf | c804 0000 | 020f 85bf | 0000 0048 | 81ec 8000 | 0000 4889 
  0x000001f98fbad500: 4424 7848 | 894c 2470 | 4889 5424 | 6848 895c | 2460 4889 | 6c24 5048 | 8974 2448 | 4889 7c24 
  0x000001f98fbad520: 404c 8944 | 2438 4c89 | 4c24 304c | 8954 2428 | 4c89 5c24 | 204c 8964 | 2418 4c89 | 6c24 104c 
  0x000001f98fbad540: 8974 2408 | 4c89 3c24 | 4c8b e448 | 83ec 2048 | 83e4 f048 | b8b0 227b | 1dfc 7f00 | 00ff d049 
  0x000001f98fbad560: 8be4 4c8b | 3c24 4c8b | 7424 084c | 8b6c 2410 | 4c8b 6424 | 184c 8b5c | 2420 4c8b | 5424 284c 
  0x000001f98fbad580: 8b4c 2430 | 4c8b 4424 | 3848 8b7c | 2440 488b | 7424 4848 | 8b6c 2450 | 488b 5c24 | 6048 8b54 
  0x000001f98fbad5a0: 2468 488b | 4c24 7048 | 8b44 2478 | 4881 c480 | 0000 004d | 33e4 488b | 5de8 4c8b | 6b08 4d8d 
  0x000001f98fbad5c0: 6d38 4983 | 7f08 000f | 84bb 0000 | 00e8 0500 | 0000 e996 | 0000 0048 | 8d44 2408 | 4c89 6dc0 
  0x000001f98fbad5e0: 498b cfc5 | f877 4989 | afb0 0300 | 0049 8987 | a003 0000 | 4883 ec20 | 40f6 c40f | 0f84 1900 
  0x000001f98fbad600: 0000 4883 | ec08 48b8 | 006c 431d | fc7f 0000 | ffd0 4883 | c408 e90c | 0000 0048 | b800 6c43 
  0x000001f98fbad620: 1dfc 7f00 | 00ff d048 | 83c4 2049 | c787 a003 | 0000 0000 | 0000 49c7 | 87b0 0300 | 0000 0000 
  0x000001f98fbad640: 0049 c787 | a803 0000 | 0000 0000 | c5f8 7749 | 837f 0800 | 0f84 0500 | 0000 e961 | 38ff ff4c 
  0x000001f98fbad660: 8b6d c04c | 8b75 c84e | 8d74 f500 | c348 b920 | d5a2 1dfc | 7f00 0048 | 83e4 f048 | b860 4a69 
  0x000001f98fbad680: 1dfc 7f00 | 00ff d0f4 | 448b 5b28 | 41f6 c320 | 0f84 7901 | 0000 488d | 55a8 4c8b | 5a08 4d85 
  0x000001f98fbad6a0: db0f 85bb | 0000 00e8 | 0500 0000 | e996 0000 | 0048 8d44 | 2408 4c89 | 6dc0 498b | cfc5 f877 
  0x000001f98fbad6c0: 4989 afb0 | 0300 0049 | 8987 a003 | 0000 4883 | ec20 40f6 | c40f 0f84 | 1900 0000 | 4883 ec08 
  0x000001f98fbad6e0: 48b8 306b | 431d fc7f | 0000 ffd0 | 4883 c408 | e90c 0000 | 0048 b830 | 6b43 1dfc | 7f00 00ff 
  0x000001f98fbad700: d048 83c4 | 2049 c787 | a003 0000 | 0000 0000 | 49c7 87b0 | 0300 0000 | 0000 0049 | c787 a803 
  0x000001f98fbad720: 0000 0000 | 0000 c5f8 | 7749 837f | 0800 0f84 | 0500 0000 | e987 37ff | ff4c 8b6d | c04c 8b75 
  0x000001f98fbad740: c84e 8d74 | f500 c348 | b920 d5a2 | 1dfc 7f00 | 0048 83e4 | f048 b860 | 4a69 1dfc | 7f00 00ff 
  0x000001f98fbad760: d0f4 4c89 | 6dc0 4c8b | 4a08 48c7 | 4208 0000 | 0000 458b | 8718 0600 | 004f 3b4c | 07f8 0f85 
  0x000001f98fbad780: 4900 0000 | 4183 af18 | 0600 0008 | 4f3b 4c07 | f00f 842a | 0000 0049 | 8b01 a802 | 0f85 1200 
  0x000001f98fbad7a0: 0000 4c8b | c049 83c8 | 01f0 4d0f | b101 0f84 | 0d00 0000 | 4183 8718 | 0600 0008 | e90c 0000 
  0x000001f98fbad7c0: 0049 ff8f | 5005 0000 | e93e 0000 | 004c 894a | 0848 8bca | 4883 ec20 | 40f6 c40f | 0f84 1900 
  0x000001f98fbad7e0: 0000 4883 | ec08 48b8 | f03d 431d | fc7f 0000 | ffd0 4883 | c408 e90c | 0000 0048 | b8f0 3d43 
  0x000001f98fbad800: 1dfc 7f00 | 00ff d048 | 83c4 204c | 8b6d c049 | ba41 adca | 1dfc 7f00 | 0041 803a | 000f 843e 
  0x000001f98fbad820: 0000 0048 | 8b55 e849 | 8bcf 4883 | ec20 40f6 | c40f 0f84 | 1900 0000 | 4883 ec08 | 48b8 00ee 
  0x000001f98fbad840: 7a1d fc7f | 0000 ffd0 | 4883 c408 | e90c 0000 | 0048 b800 | ee7a 1dfc | 7f00 00ff | d048 83c4 
  0x000001f98fbad860: 2048 8b04 | 2448 83c4 | 10c5 fb10 | 0424 4883 | c410 4c8b | 5d18 41ff | d34c 8b5d | f8c9 5f49 
  0x000001f98fbad880: 8be3 ffe7 | ba00 0000 | 00e8 0500 | 0000 e996 | 0000 0048 | 8d44 2408 | 4c89 6dc0 | 498b cfc5 
  0x000001f98fbad8a0: f877 4989 | afb0 0300 | 0049 8987 | a003 0000 | 4883 ec20 | 40f6 c40f | 0f84 1900 | 0000 4883 
  0x000001f98fbad8c0: ec08 48b8 | a031 431d | fc7f 0000 | ffd0 4883 | c408 e90c | 0000 0048 | b8a0 3143 | 1dfc 7f00 
  0x000001f98fbad8e0: 00ff d048 | 83c4 2049 | c787 a003 | 0000 0000 | 0000 49c7 | 87b0 0300 | 0000 0000 | 0049 c787 
  0x000001f98fbad900: a803 0000 | 0000 0000 | c5f8 7749 | 837f 0800 | 0f84 0500 | 0000 e9a5 | 35ff ff4c | 8b6d c04c 
  0x000001f98fbad920: 8b75 c84e | 8d74 f500 | c348 8b5d | e8e9 26f6 | ffff 660f | 1f44 0000 
[/MachCode]

---------------  P R O C E S S  ---------------

Threads class SMR info:
_java_thread_list=0x000001f9e26cb740, length=22, elements={
0x000001f9fc54ff80, 0x000001f9fc552f60, 0x000001f9fc5549d0, 0x000001f9fc555430,
0x000001f9fc555e90, 0x000001f9fc5568f0, 0x000001f9fc557680, 0x000001f9fc5cb360,
0x000001f9976ddc80, 0x000001f9978783e0, 0x000001f997878a50, 0x000001f99793c520,
0x000001f99794baf0, 0x000001f99794f0a0, 0x000001f9e205f780, 0x000001f9f62ba7f0,
0x000001f997865cf0, 0x000001f9e226df90, 0x000001f9e272a6c0, 0x000001f9e3ad54f0,
0x000001f9e3ad5b80, 0x000001f9e3ad68a0
}

Java Threads: ( => current thread )
  0x000001f9fc54ff80 JavaThread "Reference Handler"          daemon [_thread_blocked, id=15312, stack(0x0000003886300000,0x0000003886400000) (1024K)]
  0x000001f9fc552f60 JavaThread "Finalizer"                  daemon [_thread_blocked, id=3048, stack(0x0000003886400000,0x0000003886500000) (1024K)]
  0x000001f9fc5549d0 JavaThread "Signal Dispatcher"          daemon [_thread_blocked, id=8956, stack(0x0000003886500000,0x0000003886600000) (1024K)]
  0x000001f9fc555430 JavaThread "Attach Listener"            daemon [_thread_blocked, id=10100, stack(0x0000003886600000,0x0000003886700000) (1024K)]
  0x000001f9fc555e90 JavaThread "Service Thread"             daemon [_thread_blocked, id=9456, stack(0x0000003886700000,0x0000003886800000) (1024K)]
  0x000001f9fc5568f0 JavaThread "Monitor Deflation Thread"   daemon [_thread_blocked, id=7248, stack(0x0000003886800000,0x0000003886900000) (1024K)]
  0x000001f9fc557680 JavaThread "C2 CompilerThread0"         daemon [_thread_blocked, id=9760, stack(0x0000003886900000,0x0000003886a00000) (1024K)]
  0x000001f9fc5cb360 JavaThread "C1 CompilerThread0"         daemon [_thread_blocked, id=5484, stack(0x0000003886a00000,0x0000003886b00000) (1024K)]
  0x000001f9976ddc80 JavaThread "Common-Cleaner"             daemon [_thread_blocked, id=11868, stack(0x0000003886b00000,0x0000003886c00000) (1024K)]
  0x000001f9978783e0 JavaThread "Monitor Ctrl-Break"         daemon [_thread_in_native, id=13476, stack(0x0000003886c00000,0x0000003886d00000) (1024K)]
  0x000001f997878a50 JavaThread "Notification Thread"        daemon [_thread_blocked, id=7376, stack(0x0000003886d00000,0x0000003886e00000) (1024K)]
  0x000001f99793c520 JavaThread "Java2D Disposer"            daemon [_thread_blocked, id=1372, stack(0x0000003886e00000,0x0000003886f00000) (1024K)]
  0x000001f99794baf0 JavaThread "AWT-Shutdown"                      [_thread_blocked, id=7688, stack(0x0000003886f00000,0x0000003887000000) (1024K)]
=>0x000001f99794f0a0 JavaThread "AWT-Windows"                daemon [_thread_in_native, id=14544, stack(0x0000003887000000,0x0000003887100000) (1024K)]
  0x000001f9e205f780 JavaThread "AWT-EventQueue-0"                  [_thread_blocked, id=15236, stack(0x0000003887700000,0x0000003887800000) (1024K)]
  0x000001f9f62ba7f0 JavaThread "DestroyJavaVM"                     [_thread_blocked, id=11372, stack(0x0000003885b00000,0x0000003885c00000) (1024K)]
  0x000001f997865cf0 JavaThread "D3D Screen Updater"         daemon [_thread_blocked, id=6840, stack(0x0000003887900000,0x0000003887a00000) (1024K)]
  0x000001f9e226df90 JavaThread "TimerQueue"                 daemon [_thread_blocked, id=9148, stack(0x0000003887a00000,0x0000003887b00000) (1024K)]
  0x000001f9e272a6c0 JavaThread "RMI TCP Accept-0"           daemon [_thread_in_native, id=13064, stack(0x0000003887c00000,0x0000003887d00000) (1024K)]
  0x000001f9e3ad54f0 JavaThread "RMI TCP Connection(1)-192.168.11.154" daemon [_thread_in_native, id=11976, stack(0x0000003887d00000,0x0000003887e00000) (1024K)]
  0x000001f9e3ad5b80 JavaThread "RMI Scheduler(0)"           daemon [_thread_blocked, id=13732, stack(0x0000003887e00000,0x0000003887f00000) (1024K)]
  0x000001f9e3ad68a0 JavaThread "JMX server connection timeout 34" daemon [_thread_blocked, id=14676, stack(0x0000003887f00000,0x0000003888000000) (1024K)]
Total: 22

Other Threads:
  0x000001f9fc5366e0 VMThread "VM Thread"                           [id=2732, stack(0x0000003886200000,0x0000003886300000) (1024K)]
  0x000001f9fc526060 WatcherThread "VM Periodic Task Thread"        [id=7348, stack(0x0000003886100000,0x0000003886200000) (1024K)]
  0x000001f9f85a7d80 WorkerThread "GC Thread#0"                     [id=7292, stack(0x0000003885c00000,0x0000003885d00000) (1024K)]
  0x000001f9e22c12a0 WorkerThread "GC Thread#1"                     [id=4844, stack(0x0000003887b00000,0x0000003887c00000) (1024K)]
  0x000001f9f85b7ba0 ConcurrentGCThread "G1 Main Marker"            [id=4572, stack(0x0000003885d00000,0x0000003885e00000) (1024K)]
  0x000001f9f85b8860 WorkerThread "G1 Conc#0"                       [id=1668, stack(0x0000003885e00000,0x0000003885f00000) (1024K)]
  0x000001f9fc4008a0 ConcurrentGCThread "G1 Refine#0"               [id=11680, stack(0x0000003885f00000,0x0000003886000000) (1024K)]
  0x000001f9fc401420 ConcurrentGCThread "G1 Service"                [id=10796, stack(0x0000003886000000,0x0000003886100000) (1024K)]
Total: 8

Threads with active compile tasks:
Total: 0

VM state: not at safepoint (normal execution)

VM Mutex/Monitor currently owned by a thread: None

Heap address: 0x00000000a0e00000, size: 1522 MB, Compressed Oops mode: 32-bit

CDS archive(s) mapped at: [0x000001f998000000-0x000001f998d70000-0x000001f998d70000), size 14090240, SharedBaseAddress: 0x000001f998000000, ArchiveRelocationMode: 1.
Compressed class space mapped at: 0x000001f999000000-0x000001f9d9000000, reserved size: 1073741824
Narrow klass base: 0x000001f998000000, Narrow klass shift: 0, Narrow klass range: 0x41000000

GC Precious Log:
 CardTable entry size: 512
 Card Set container configuration: InlinePtr #cards 5 size 8 Array Of Cards #cards 10 size 36 Howl #buckets 4 coarsen threshold 1843 Howl Bitmap #cards 512 size 80 coarsen threshold 460 Card regions per heap region 1 cards per card region 2048
 CPUs: 2 total, 2 available
 Memory: 6086M
 Large Page Support: Disabled
 NUMA Support: Disabled
 Compressed Oops: Enabled (32-bit)
 Heap Region Size: 1M
 Heap Min Capacity: 8M
 Heap Initial Capacity: 96M
 Heap Max Capacity: 1522M
 Pre-touch: Disabled
 Parallel Workers: 2
 Concurrent Workers: 1
 Concurrent Refinement Workers: 2
 Periodic GC: Disabled

Heap:
 garbage-first heap   total reserved 1558528K, committed 98304K, used 12609K [0x00000000a0e00000, 0x0000000100000000)
  region size 1024K, 7 young (7168K), 2 survivors (2048K)
 Metaspace       used 16373K, committed 16704K, reserved 1114112K
  class space    used 1893K, committed 2048K, reserved 1048576K

Heap Regions: E=young(eden), S=young(survivor), O=old, HS=humongous(starts), HC=humongous(continues), CS=collection set, F=free, TAMS=top-at-mark-start, PB=parsable bottom
|   0|0x00000000a0e00000, 0x00000000a0f00000, 0x00000000a0f00000|100%| O|  |TAMS 0x00000000a0e00000| PB 0x00000000a0e00000| Untracked |  0
|   1|0x00000000a0f00000, 0x00000000a1000000, 0x00000000a1000000|100%| O|  |TAMS 0x00000000a0f00000| PB 0x00000000a0f00000| Untracked |  0
|   2|0x00000000a1000000, 0x00000000a10b88a8, 0x00000000a1100000| 72%| O|  |TAMS 0x00000000a1000000| PB 0x00000000a1000000| Untracked |  0
|   3|0x00000000a1100000, 0x00000000a1200000, 0x00000000a1200000|100%|HS|  |TAMS 0x00000000a1100000| PB 0x00000000a1100000| Complete |  0
|   4|0x00000000a1200000, 0x00000000a1300000, 0x00000000a1300000|100%|HC|  |TAMS 0x00000000a1200000| PB 0x00000000a1200000| Complete |  0
|   5|0x00000000a1300000, 0x00000000a1400000, 0x00000000a1400000|100%|HC|  |TAMS 0x00000000a1300000| PB 0x00000000a1300000| Complete |  0
|   6|0x00000000a1400000, 0x00000000a1500000, 0x00000000a1500000|100%|HC|  |TAMS 0x00000000a1400000| PB 0x00000000a1400000| Complete |  0
|   7|0x00000000a1500000, 0x00000000a1500000, 0x00000000a1600000|  0%| F|  |TAMS 0x00000000a1500000| PB 0x00000000a1500000| Untracked |  0
|   8|0x00000000a1600000, 0x00000000a1600000, 0x00000000a1700000|  0%| F|  |TAMS 0x00000000a1600000| PB 0x00000000a1600000| Untracked |  0
|   9|0x00000000a1700000, 0x00000000a1700000, 0x00000000a1800000|  0%| F|  |TAMS 0x00000000a1700000| PB 0x00000000a1700000| Untracked |  0
|  10|0x00000000a1800000, 0x00000000a1800000, 0x00000000a1900000|  0%| F|  |TAMS 0x00000000a1800000| PB 0x00000000a1800000| Untracked |  0
|  11|0x00000000a1900000, 0x00000000a1900000, 0x00000000a1a00000|  0%| F|  |TAMS 0x00000000a1900000| PB 0x00000000a1900000| Untracked |  0
|  12|0x00000000a1a00000, 0x00000000a1a00000, 0x00000000a1b00000|  0%| F|  |TAMS 0x00000000a1a00000| PB 0x00000000a1a00000| Untracked |  0
|  13|0x00000000a1b00000, 0x00000000a1b00000, 0x00000000a1c00000|  0%| F|  |TAMS 0x00000000a1b00000| PB 0x00000000a1b00000| Untracked |  0
|  14|0x00000000a1c00000, 0x00000000a1c00000, 0x00000000a1d00000|  0%| F|  |TAMS 0x00000000a1c00000| PB 0x00000000a1c00000| Untracked |  0
|  15|0x00000000a1d00000, 0x00000000a1d00000, 0x00000000a1e00000|  0%| F|  |TAMS 0x00000000a1d00000| PB 0x00000000a1d00000| Untracked |  0
|  16|0x00000000a1e00000, 0x00000000a1e00000, 0x00000000a1f00000|  0%| F|  |TAMS 0x00000000a1e00000| PB 0x00000000a1e00000| Untracked |  0
|  17|0x00000000a1f00000, 0x00000000a1f00000, 0x00000000a2000000|  0%| F|  |TAMS 0x00000000a1f00000| PB 0x00000000a1f00000| Untracked |  0
|  18|0x00000000a2000000, 0x00000000a2000000, 0x00000000a2100000|  0%| F|  |TAMS 0x00000000a2000000| PB 0x00000000a2000000| Untracked |  0
|  19|0x00000000a2100000, 0x00000000a2100000, 0x00000000a2200000|  0%| F|  |TAMS 0x00000000a2100000| PB 0x00000000a2100000| Untracked |  0
|  20|0x00000000a2200000, 0x00000000a2200000, 0x00000000a2300000|  0%| F|  |TAMS 0x00000000a2200000| PB 0x00000000a2200000| Untracked |  0
|  21|0x00000000a2300000, 0x00000000a2300000, 0x00000000a2400000|  0%| F|  |TAMS 0x00000000a2300000| PB 0x00000000a2300000| Untracked |  0
|  22|0x00000000a2400000, 0x00000000a2400000, 0x00000000a2500000|  0%| F|  |TAMS 0x00000000a2400000| PB 0x00000000a2400000| Untracked |  0
|  23|0x00000000a2500000, 0x00000000a2500000, 0x00000000a2600000|  0%| F|  |TAMS 0x00000000a2500000| PB 0x00000000a2500000| Untracked |  0
|  24|0x00000000a2600000, 0x00000000a2600000, 0x00000000a2700000|  0%| F|  |TAMS 0x00000000a2600000| PB 0x00000000a2600000| Untracked |  0
|  25|0x00000000a2700000, 0x00000000a2700000, 0x00000000a2800000|  0%| F|  |TAMS 0x00000000a2700000| PB 0x00000000a2700000| Untracked |  0
|  26|0x00000000a2800000, 0x00000000a2800000, 0x00000000a2900000|  0%| F|  |TAMS 0x00000000a2800000| PB 0x00000000a2800000| Untracked |  0
|  27|0x00000000a2900000, 0x00000000a2900000, 0x00000000a2a00000|  0%| F|  |TAMS 0x00000000a2900000| PB 0x00000000a2900000| Untracked |  0
|  28|0x00000000a2a00000, 0x00000000a2a00000, 0x00000000a2b00000|  0%| F|  |TAMS 0x00000000a2a00000| PB 0x00000000a2a00000| Untracked |  0
|  29|0x00000000a2b00000, 0x00000000a2b00000, 0x00000000a2c00000|  0%| F|  |TAMS 0x00000000a2b00000| PB 0x00000000a2b00000| Untracked |  0
|  30|0x00000000a2c00000, 0x00000000a2c00000, 0x00000000a2d00000|  0%| F|  |TAMS 0x00000000a2c00000| PB 0x00000000a2c00000| Untracked |  0
|  31|0x00000000a2d00000, 0x00000000a2d00000, 0x00000000a2e00000|  0%| F|  |TAMS 0x00000000a2d00000| PB 0x00000000a2d00000| Untracked |  0
|  32|0x00000000a2e00000, 0x00000000a2e00000, 0x00000000a2f00000|  0%| F|  |TAMS 0x00000000a2e00000| PB 0x00000000a2e00000| Untracked |  0
|  33|0x00000000a2f00000, 0x00000000a2f00000, 0x00000000a3000000|  0%| F|  |TAMS 0x00000000a2f00000| PB 0x00000000a2f00000| Untracked |  0
|  34|0x00000000a3000000, 0x00000000a3000000, 0x00000000a3100000|  0%| F|  |TAMS 0x00000000a3000000| PB 0x00000000a3000000| Untracked |  0
|  35|0x00000000a3100000, 0x00000000a3100000, 0x00000000a3200000|  0%| F|  |TAMS 0x00000000a3100000| PB 0x00000000a3100000| Untracked |  0
|  36|0x00000000a3200000, 0x00000000a3200000, 0x00000000a3300000|  0%| F|  |TAMS 0x00000000a3200000| PB 0x00000000a3200000| Untracked |  0
|  37|0x00000000a3300000, 0x00000000a3300000, 0x00000000a3400000|  0%| F|  |TAMS 0x00000000a3300000| PB 0x00000000a3300000| Untracked |  0
|  38|0x00000000a3400000, 0x00000000a3400000, 0x00000000a3500000|  0%| F|  |TAMS 0x00000000a3400000| PB 0x00000000a3400000| Untracked |  0
|  39|0x00000000a3500000, 0x00000000a3500000, 0x00000000a3600000|  0%| F|  |TAMS 0x00000000a3500000| PB 0x00000000a3500000| Untracked |  0
|  40|0x00000000a3600000, 0x00000000a3600000, 0x00000000a3700000|  0%| F|  |TAMS 0x00000000a3600000| PB 0x00000000a3600000| Untracked |  0
|  41|0x00000000a3700000, 0x00000000a3700000, 0x00000000a3800000|  0%| F|  |TAMS 0x00000000a3700000| PB 0x00000000a3700000| Untracked |  0
|  42|0x00000000a3800000, 0x00000000a3800000, 0x00000000a3900000|  0%| F|  |TAMS 0x00000000a3800000| PB 0x00000000a3800000| Untracked |  0
|  43|0x00000000a3900000, 0x00000000a3900000, 0x00000000a3a00000|  0%| F|  |TAMS 0x00000000a3900000| PB 0x00000000a3900000| Untracked |  0
|  44|0x00000000a3a00000, 0x00000000a3a00000, 0x00000000a3b00000|  0%| F|  |TAMS 0x00000000a3a00000| PB 0x00000000a3a00000| Untracked |  0
|  45|0x00000000a3b00000, 0x00000000a3b00000, 0x00000000a3c00000|  0%| F|  |TAMS 0x00000000a3b00000| PB 0x00000000a3b00000| Untracked |  0
|  46|0x00000000a3c00000, 0x00000000a3c00000, 0x00000000a3d00000|  0%| F|  |TAMS 0x00000000a3c00000| PB 0x00000000a3c00000| Untracked |  0
|  47|0x00000000a3d00000, 0x00000000a3d00000, 0x00000000a3e00000|  0%| F|  |TAMS 0x00000000a3d00000| PB 0x00000000a3d00000| Untracked |  0
|  48|0x00000000a3e00000, 0x00000000a3e00000, 0x00000000a3f00000|  0%| F|  |TAMS 0x00000000a3e00000| PB 0x00000000a3e00000| Untracked |  0
|  49|0x00000000a3f00000, 0x00000000a3f00000, 0x00000000a4000000|  0%| F|  |TAMS 0x00000000a3f00000| PB 0x00000000a3f00000| Untracked |  0
|  50|0x00000000a4000000, 0x00000000a4000000, 0x00000000a4100000|  0%| F|  |TAMS 0x00000000a4000000| PB 0x00000000a4000000| Untracked |  0
|  51|0x00000000a4100000, 0x00000000a4100000, 0x00000000a4200000|  0%| F|  |TAMS 0x00000000a4100000| PB 0x00000000a4100000| Untracked |  0
|  52|0x00000000a4200000, 0x00000000a4200000, 0x00000000a4300000|  0%| F|  |TAMS 0x00000000a4200000| PB 0x00000000a4200000| Untracked |  0
|  53|0x00000000a4300000, 0x00000000a4300000, 0x00000000a4400000|  0%| F|  |TAMS 0x00000000a4300000| PB 0x00000000a4300000| Untracked |  0
|  54|0x00000000a4400000, 0x00000000a4400000, 0x00000000a4500000|  0%| F|  |TAMS 0x00000000a4400000| PB 0x00000000a4400000| Untracked |  0
|  55|0x00000000a4500000, 0x00000000a4500000, 0x00000000a4600000|  0%| F|  |TAMS 0x00000000a4500000| PB 0x00000000a4500000| Untracked |  0
|  56|0x00000000a4600000, 0x00000000a4600000, 0x00000000a4700000|  0%| F|  |TAMS 0x00000000a4600000| PB 0x00000000a4600000| Untracked |  0
|  57|0x00000000a4700000, 0x00000000a4700000, 0x00000000a4800000|  0%| F|  |TAMS 0x00000000a4700000| PB 0x00000000a4700000| Untracked |  0
|  58|0x00000000a4800000, 0x00000000a4800000, 0x00000000a4900000|  0%| F|  |TAMS 0x00000000a4800000| PB 0x00000000a4800000| Untracked |  0
|  59|0x00000000a4900000, 0x00000000a4900000, 0x00000000a4a00000|  0%| F|  |TAMS 0x00000000a4900000| PB 0x00000000a4900000| Untracked |  0
|  60|0x00000000a4a00000, 0x00000000a4a00000, 0x00000000a4b00000|  0%| F|  |TAMS 0x00000000a4a00000| PB 0x00000000a4a00000| Untracked |  0
|  61|0x00000000a4b00000, 0x00000000a4b00000, 0x00000000a4c00000|  0%| F|  |TAMS 0x00000000a4b00000| PB 0x00000000a4b00000| Untracked |  0
|  62|0x00000000a4c00000, 0x00000000a4c00000, 0x00000000a4d00000|  0%| F|  |TAMS 0x00000000a4c00000| PB 0x00000000a4c00000| Untracked |  0
|  63|0x00000000a4d00000, 0x00000000a4d00000, 0x00000000a4e00000|  0%| F|  |TAMS 0x00000000a4d00000| PB 0x00000000a4d00000| Untracked |  0
|  64|0x00000000a4e00000, 0x00000000a4e00000, 0x00000000a4f00000|  0%| F|  |TAMS 0x00000000a4e00000| PB 0x00000000a4e00000| Untracked |  0
|  65|0x00000000a4f00000, 0x00000000a4f00000, 0x00000000a5000000|  0%| F|  |TAMS 0x00000000a4f00000| PB 0x00000000a4f00000| Untracked |  0
|  66|0x00000000a5000000, 0x00000000a5000000, 0x00000000a5100000|  0%| F|  |TAMS 0x00000000a5000000| PB 0x00000000a5000000| Untracked |  0
|  67|0x00000000a5100000, 0x00000000a5100000, 0x00000000a5200000|  0%| F|  |TAMS 0x00000000a5100000| PB 0x00000000a5100000| Untracked |  0
|  68|0x00000000a5200000, 0x00000000a5200000, 0x00000000a5300000|  0%| F|  |TAMS 0x00000000a5200000| PB 0x00000000a5200000| Untracked |  0
|  69|0x00000000a5300000, 0x00000000a5300000, 0x00000000a5400000|  0%| F|  |TAMS 0x00000000a5300000| PB 0x00000000a5300000| Untracked |  0
|  70|0x00000000a5400000, 0x00000000a5400000, 0x00000000a5500000|  0%| F|  |TAMS 0x00000000a5400000| PB 0x00000000a5400000| Untracked |  0
|  71|0x00000000a5500000, 0x00000000a5500000, 0x00000000a5600000|  0%| F|  |TAMS 0x00000000a5500000| PB 0x00000000a5500000| Untracked |  0
|  72|0x00000000a5600000, 0x00000000a5600000, 0x00000000a5700000|  0%| F|  |TAMS 0x00000000a5600000| PB 0x00000000a5600000| Untracked |  0
|  73|0x00000000a5700000, 0x00000000a5700000, 0x00000000a5800000|  0%| F|  |TAMS 0x00000000a5700000| PB 0x00000000a5700000| Untracked |  0
|  74|0x00000000a5800000, 0x00000000a5800000, 0x00000000a5900000|  0%| F|  |TAMS 0x00000000a5800000| PB 0x00000000a5800000| Untracked |  0
|  75|0x00000000a5900000, 0x00000000a5900000, 0x00000000a5a00000|  0%| F|  |TAMS 0x00000000a5900000| PB 0x00000000a5900000| Untracked |  0
|  76|0x00000000a5a00000, 0x00000000a5a00000, 0x00000000a5b00000|  0%| F|  |TAMS 0x00000000a5a00000| PB 0x00000000a5a00000| Untracked |  0
|  77|0x00000000a5b00000, 0x00000000a5b00000, 0x00000000a5c00000|  0%| F|  |TAMS 0x00000000a5b00000| PB 0x00000000a5b00000| Untracked |  0
|  78|0x00000000a5c00000, 0x00000000a5c00000, 0x00000000a5d00000|  0%| F|  |TAMS 0x00000000a5c00000| PB 0x00000000a5c00000| Untracked |  0
|  79|0x00000000a5d00000, 0x00000000a5d00000, 0x00000000a5e00000|  0%| F|  |TAMS 0x00000000a5d00000| PB 0x00000000a5d00000| Untracked |  0
|  80|0x00000000a5e00000, 0x00000000a5e97da8, 0x00000000a5f00000| 59%| S|CS|TAMS 0x00000000a5e00000| PB 0x00000000a5e00000| Complete |  0
|  81|0x00000000a5f00000, 0x00000000a6000000, 0x00000000a6000000|100%| S|CS|TAMS 0x00000000a5f00000| PB 0x00000000a5f00000| Complete |  0
|  82|0x00000000a6000000, 0x00000000a6000000, 0x00000000a6100000|  0%| F|  |TAMS 0x00000000a6000000| PB 0x00000000a6000000| Untracked |  0
|  83|0x00000000a6100000, 0x00000000a6100000, 0x00000000a6200000|  0%| F|  |TAMS 0x00000000a6100000| PB 0x00000000a6100000| Untracked |  0
|  84|0x00000000a6200000, 0x00000000a6200000, 0x00000000a6300000|  0%| F|  |TAMS 0x00000000a6200000| PB 0x00000000a6200000| Untracked |  0
|  85|0x00000000a6300000, 0x00000000a6300000, 0x00000000a6400000|  0%| F|  |TAMS 0x00000000a6300000| PB 0x00000000a6300000| Untracked |  0
|  86|0x00000000a6400000, 0x00000000a6400000, 0x00000000a6500000|  0%| F|  |TAMS 0x00000000a6400000| PB 0x00000000a6400000| Untracked |  0
|  87|0x00000000a6500000, 0x00000000a6500000, 0x00000000a6600000|  0%| F|  |TAMS 0x00000000a6500000| PB 0x00000000a6500000| Untracked |  0
|  88|0x00000000a6600000, 0x00000000a6600000, 0x00000000a6700000|  0%| F|  |TAMS 0x00000000a6600000| PB 0x00000000a6600000| Untracked |  0
|  89|0x00000000a6700000, 0x00000000a6700000, 0x00000000a6800000|  0%| F|  |TAMS 0x00000000a6700000| PB 0x00000000a6700000| Untracked |  0
|  90|0x00000000a6800000, 0x00000000a6800000, 0x00000000a6900000|  0%| F|  |TAMS 0x00000000a6800000| PB 0x00000000a6800000| Untracked |  0
|  91|0x00000000a6900000, 0x00000000a695bdb8, 0x00000000a6a00000| 35%| E|  |TAMS 0x00000000a6900000| PB 0x00000000a6900000| Complete |  0
|  92|0x00000000a6a00000, 0x00000000a6b00000, 0x00000000a6b00000|100%| E|CS|TAMS 0x00000000a6a00000| PB 0x00000000a6a00000| Complete |  0
|  93|0x00000000a6b00000, 0x00000000a6c00000, 0x00000000a6c00000|100%| E|CS|TAMS 0x00000000a6b00000| PB 0x00000000a6b00000| Complete |  0
|  94|0x00000000a6c00000, 0x00000000a6d00000, 0x00000000a6d00000|100%| E|CS|TAMS 0x00000000a6c00000| PB 0x00000000a6c00000| Complete |  0
|  95|0x00000000a6d00000, 0x00000000a6e00000, 0x00000000a6e00000|100%| E|CS|TAMS 0x00000000a6d00000| PB 0x00000000a6d00000| Complete |  0

Card table byte_map: [0x000001f9f8920000,0x000001f9f8c20000] _byte_map_base: 0x000001f9f8419000

Marking Bits: (CMBitMap*) 0x000001f9f85a8490
 Bits: [0x000001f9f8c20000, 0x000001f9fa3e8000)

Polling page: 0x000001f9f6260000

Metaspace:

Usage:
  Non-class:     14.14 MB used.
      Class:      1.85 MB used.
       Both:     15.99 MB used.

Virtual space:
  Non-class space:       64.00 MB reserved,      14.31 MB ( 22%) committed,  1 nodes.
      Class space:        1.00 GB reserved,       2.00 MB ( <1%) committed,  1 nodes.
             Both:        1.06 GB reserved,      16.31 MB (  1%) committed. 

Chunk freelists:
   Non-Class:  1013.00 KB
       Class:  14.02 MB
        Both:  15.00 MB

MaxMetaspaceSize: unlimited
CompressedClassSpaceSize: 1.00 GB
Initial GC threshold: 21.00 MB
Current GC threshold: 21.00 MB
CDS: on
 - commit_granule_bytes: 65536.
 - commit_granule_words: 8192.
 - virtual_space_node_default_size: 8388608.
 - enlarge_chunks_in_place: 1.
 - use_allocation_guard: 0.


Internal statistics:

num_allocs_failed_limit: 0.
num_arena_births: 362.
num_arena_deaths: 0.
num_vsnodes_births: 2.
num_vsnodes_deaths: 0.
num_space_committed: 261.
num_space_uncommitted: 0.
num_chunks_returned_to_freelist: 0.
num_chunks_taken_from_freelist: 514.
num_chunk_merges: 0.
num_chunk_splits: 285.
num_chunks_enlarged: 93.
num_inconsistent_stats: 0.

CodeHeap 'non-profiled nmethods': size=120128Kb used=1103Kb max_used=1103Kb free=119024Kb
 bounds [0x000001f990120000, 0x000001f990390000, 0x000001f997670000]
CodeHeap 'profiled nmethods': size=120000Kb used=4580Kb max_used=4580Kb free=115419Kb
 bounds [0x000001f988670000, 0x000001f988af0000, 0x000001f98fba0000]
CodeHeap 'non-nmethods': size=5632Kb used=1643Kb max_used=1689Kb free=3988Kb
 bounds [0x000001f98fba0000, 0x000001f98fe10000, 0x000001f990120000]
CodeCache: size=245760Kb, used=7326Kb, max_used=7372Kb, free=238431Kb
 total_blobs=3819, nmethods=3107, adapters=616, full_count=0
Compilation: enabled, stopped_count=0, restarted_count=0

Compilation events (20 events):
Event: 319.748 Thread 0x000001f9fc557680 3099       4       sun.util.logging.internal.LoggingProviderImpl$JULWrapper::isLoggable (12 bytes)
Event: 319.749 Thread 0x000001f9fc557680 nmethod 3099 0x000001f990232688 code [0x000001f9902327a0, 0x000001f9902328d8]
Event: 321.188 Thread 0x000001f9fc5cb360 3100       3       java.util.HashMap::calculateHashMapCapacity (11 bytes)
Event: 321.188 Thread 0x000001f9fc5cb360 nmethod 3100 0x000001f988ae7a08 code [0x000001f988ae7b60, 0x000001f988ae7cf8]
Event: 321.195 Thread 0x000001f9fc5cb360 3101       3       java.awt.Container::updateChildGraphicsData (55 bytes)
Event: 321.196 Thread 0x000001f9fc5cb360 nmethod 3101 0x000001f988ae7d88 code [0x000001f988ae7f40, 0x000001f988ae86b8]
Event: 330.923 Thread 0x000001f9fc557680 3102       4       java.lang.Long::valueOf (40 bytes)
Event: 330.925 Thread 0x000001f9fc557680 nmethod 3102 0x000001f990232988 code [0x000001f990232a80, 0x000001f990232b90]
Event: 340.223 Thread 0x000001f9fc557680 3103       4       java.io.ObjectStreamClass::getSerialVersionUID (42 bytes)
Event: 340.224 Thread 0x000001f9fc557680 nmethod 3103 0x000001f990232c88 code [0x000001f990232d80, 0x000001f990232e38]
Event: 343.377 Thread 0x000001f9fc557680 3104       4       java.nio.Buffer::limit (65 bytes)
Event: 343.379 Thread 0x000001f9fc557680 nmethod 3104 0x000001f990232f88 code [0x000001f990233080, 0x000001f990233180]
Event: 344.446 Thread 0x000001f9fc557680 3105       4       jdk.internal.misc.Unsafe::allocateUninitializedArray (55 bytes)
Event: 344.451 Thread 0x000001f9fc557680 nmethod 3105 0x000001f990233288 code [0x000001f9902333a0, 0x000001f990233560]
Event: 346.564 Thread 0x000001f9fc557680 3106       4       java.io.ClassCache::get (56 bytes)
Event: 346.570 Thread 0x000001f9fc557680 nmethod 3106 0x000001f990233588 code [0x000001f990233700, 0x000001f990233b68]
Event: 351.843 Thread 0x000001f9fc557680 3107       4       jdk.internal.misc.Unsafe::allocateUninitializedArray0 (90 bytes)
Event: 351.845 Thread 0x000001f9fc557680 nmethod 3107 0x000001f990233c88 code [0x000001f990233da0, 0x000001f990233f50]
Event: 356.609 Thread 0x000001f9fc5cb360 3108       3       java.util.HashMap::newHashMap (44 bytes)
Event: 356.610 Thread 0x000001f9fc5cb360 nmethod 3108 0x000001f988ae8708 code [0x000001f988ae8920, 0x000001f988ae9160]

GC Heap History (6 events):
Event: 5.642 GC heap before
{Heap before GC invocations=0 (full 0):
 garbage-first heap   total reserved 1558528K, committed 98304K, used 7168K [0x00000000a0e00000, 0x0000000100000000)
  region size 1024K, 7 young (7168K), 0 survivors (0K)
 Metaspace       used 10442K, committed 10752K, reserved 1114112K
  class space    used 1267K, committed 1408K, reserved 1048576K
}
Event: 5.652 GC heap after
{Heap after GC invocations=1 (full 0):
 garbage-first heap   total reserved 1558528K, committed 98304K, used 2656K [0x00000000a0e00000, 0x0000000100000000)
  region size 1024K, 1 young (1024K), 1 survivors (1024K)
 Metaspace       used 10442K, committed 10752K, reserved 1114112K
  class space    used 1267K, committed 1408K, reserved 1048576K
}
Event: 6.195 GC heap before
{Heap before GC invocations=1 (full 0):
 garbage-first heap   total reserved 1558528K, committed 98304K, used 8800K [0x00000000a0e00000, 0x0000000100000000)
  region size 1024K, 7 young (7168K), 1 survivors (1024K)
 Metaspace       used 13384K, committed 13696K, reserved 1114112K
  class space    used 1623K, committed 1792K, reserved 1048576K
}
Event: 6.202 GC heap after
{Heap after GC invocations=2 (full 0):
 garbage-first heap   total reserved 1558528K, committed 98304K, used 3742K [0x00000000a0e00000, 0x0000000100000000)
  region size 1024K, 1 young (1024K), 1 survivors (1024K)
 Metaspace       used 13384K, committed 13696K, reserved 1114112K
  class space    used 1623K, committed 1792K, reserved 1048576K
}
Event: 187.142 GC heap before
{Heap before GC invocations=2 (full 0):
 garbage-first heap   total reserved 1558528K, committed 98304K, used 21150K [0x00000000a0e00000, 0x0000000100000000)
  region size 1024K, 14 young (14336K), 1 survivors (1024K)
 Metaspace       used 16347K, committed 16704K, reserved 1114112K
  class space    used 1893K, committed 2048K, reserved 1048576K
}
Event: 187.155 GC heap after
{Heap after GC invocations=3 (full 0):
 garbage-first heap   total reserved 1558528K, committed 98304K, used 8513K [0x00000000a0e00000, 0x0000000100000000)
  region size 1024K, 2 young (2048K), 2 survivors (2048K)
 Metaspace       used 16347K, committed 16704K, reserved 1114112K
  class space    used 1893K, committed 2048K, reserved 1048576K
}

Dll operation events (15 events):
Event: 0.089 Loaded shared library C:\Users\hp\.jdks\openjdk-23\bin\java.dll
Event: 0.173 Loaded shared library C:\Users\hp\.jdks\openjdk-23\bin\jsvml.dll
Event: 0.357 Loaded shared library C:\Users\hp\.jdks\openjdk-23\bin\zip.dll
Event: 0.365 Loaded shared library C:\Users\hp\.jdks\openjdk-23\bin\instrument.dll
Event: 0.420 Loaded shared library C:\Users\hp\.jdks\openjdk-23\bin\net.dll
Event: 0.561 Loaded shared library C:\Users\hp\.jdks\openjdk-23\bin\nio.dll
Event: 0.572 Loaded shared library C:\Users\hp\.jdks\openjdk-23\bin\zip.dll
Event: 0.621 Loaded shared library C:\Program Files\JetBrains\IntelliJ IDEA 2024.2.3\bin\breakgen64.dll
Event: 0.690 Loaded shared library C:\Users\hp\.jdks\openjdk-23\bin\jimage.dll
Event: 0.751 Loaded shared library C:\Users\hp\.jdks\openjdk-23\bin\extnet.dll
Event: 1.028 Loaded shared library C:\Users\hp\.jdks\openjdk-23\bin\awt.dll
Event: 1.968 Loaded shared library C:\Users\hp\.jdks\openjdk-23\bin\freetype.dll
Event: 1.984 Loaded shared library C:\Users\hp\.jdks\openjdk-23\bin\fontmanager.dll
Event: 5.574 Loaded shared library C:\Users\hp\.jdks\openjdk-23\bin\management.dll
Event: 5.594 Loaded shared library C:\Users\hp\.jdks\openjdk-23\bin\management_ext.dll

Deoptimization events (20 events):
Event: 306.515 Thread 0x000001f9e3ad54f0 Uncommon trap: trap_request=0xffffff45 fr.pc=0x000001f9901d5bf4 relative=0x00000000000021b4
Event: 306.515 Thread 0x000001f9e3ad54f0 Uncommon trap: reason=unstable_if action=reinterpret pc=0x000001f9901d5bf4 method=java.io.ObjectOutputStream.writeObject0(Ljava/lang/Object;Z)V @ 459 c2
Event: 306.515 Thread 0x000001f9e3ad54f0 DEOPT PACKING pc=0x000001f9901d5bf4 sp=0x0000003887dfe350
Event: 306.515 Thread 0x000001f9e3ad54f0 DEOPT UNPACKING pc=0x000001f98fbf4402 sp=0x0000003887dfe318 mode 2
Event: 345.514 Thread 0x000001f9e3ad54f0 Uncommon trap: trap_request=0xffffffde fr.pc=0x000001f9902334a0 relative=0x0000000000000100
Event: 345.514 Thread 0x000001f9e3ad54f0 Uncommon trap: reason=class_check action=maybe_recompile pc=0x000001f9902334a0 method=jdk.internal.misc.Unsafe.allocateUninitializedArray(Ljava/lang/Class;I)Ljava/lang/Object; @ 51 c2
Event: 345.514 Thread 0x000001f9e3ad54f0 DEOPT PACKING pc=0x000001f9902334a0 sp=0x0000003887dfe510
Event: 345.514 Thread 0x000001f9e3ad54f0 DEOPT UNPACKING pc=0x000001f98fbf4402 sp=0x0000003887dfe488 mode 2
Event: 345.514 Thread 0x000001f9e3ad68a0 Uncommon trap: trap_request=0xffffffde fr.pc=0x000001f9902334a0 relative=0x0000000000000100
Event: 345.514 Thread 0x000001f9e3ad68a0 Uncommon trap: reason=class_check action=maybe_recompile pc=0x000001f9902334a0 method=jdk.internal.misc.Unsafe.allocateUninitializedArray(Ljava/lang/Class;I)Ljava/lang/Object; @ 51 c2
Event: 345.514 Thread 0x000001f9e3ad68a0 DEOPT PACKING pc=0x000001f9902334a0 sp=0x0000003887fff1e0
Event: 345.514 Thread 0x000001f9e3ad68a0 DEOPT UNPACKING pc=0x000001f98fbf4402 sp=0x0000003887fff158 mode 2
Event: 345.515 Thread 0x000001f9e3ad68a0 Uncommon trap: trap_request=0xffffffde fr.pc=0x000001f9902334a0 relative=0x0000000000000100
Event: 345.515 Thread 0x000001f9e3ad68a0 Uncommon trap: reason=class_check action=maybe_recompile pc=0x000001f9902334a0 method=jdk.internal.misc.Unsafe.allocateUninitializedArray(Ljava/lang/Class;I)Ljava/lang/Object; @ 51 c2
Event: 345.515 Thread 0x000001f9e3ad68a0 DEOPT PACKING pc=0x000001f9902334a0 sp=0x0000003887fff1e0
Event: 345.515 Thread 0x000001f9e3ad68a0 DEOPT UNPACKING pc=0x000001f98fbf4402 sp=0x0000003887fff158 mode 2
Event: 345.516 Thread 0x000001f9e3ad54f0 Uncommon trap: trap_request=0xffffffde fr.pc=0x000001f9902334a0 relative=0x0000000000000100
Event: 345.516 Thread 0x000001f9e3ad54f0 Uncommon trap: reason=class_check action=maybe_recompile pc=0x000001f9902334a0 method=jdk.internal.misc.Unsafe.allocateUninitializedArray(Ljava/lang/Class;I)Ljava/lang/Object; @ 51 c2
Event: 345.516 Thread 0x000001f9e3ad54f0 DEOPT PACKING pc=0x000001f9902334a0 sp=0x0000003887dfe510
Event: 345.516 Thread 0x000001f9e3ad54f0 DEOPT UNPACKING pc=0x000001f98fbf4402 sp=0x0000003887dfe488 mode 2

Classes loaded (20 events):
Event: 151.206 Loading class java/awt/image/RenderedImage
Event: 151.209 Loading class java/awt/image/RenderedImage done
Event: 151.209 Loading class java/awt/image/WritableRenderedImage done
Event: 151.210 Loading class java/awt/image/BufferedImage done
Event: 151.210 Loading class java/awt/image/BufferedImage$1
Event: 151.217 Loading class java/awt/image/BufferedImage$1 done
Event: 151.217 Loading class sun/awt/image/BufImgSurfaceData
Event: 151.225 Loading class sun/awt/image/BufImgSurfaceData done
Event: 151.225 Loading class sun/awt/image/BufImgSurfaceData$ICMColorData
Event: 151.225 Loading class sun/awt/image/BufImgSurfaceData$ICMColorData done
Event: 151.226 Loading class sun/java2d/loops/RenderLoops
Event: 151.226 Loading class sun/java2d/loops/RenderLoops done
Event: 151.228 Loading class sun/java2d/loops/DrawGlyphListColor
Event: 151.228 Loading class sun/java2d/loops/DrawGlyphListColor done
Event: 151.229 Loading class sun/java2d/loops/DrawGlyphListColor$General
Event: 151.229 Loading class sun/java2d/loops/DrawGlyphListColor$General done
Event: 151.229 Loading class sun/java2d/loops/Blit$GeneralMaskBlit
Event: 151.229 Loading class sun/java2d/loops/Blit$GeneralMaskBlit done
Event: 151.230 Loading class javax/swing/RepaintManager$DisplayChangedRunnable
Event: 151.230 Loading class javax/swing/RepaintManager$DisplayChangedRunnable done

Classes unloaded (0 events):
No events

Classes redefined (0 events):
No events

Internal exceptions (20 events):
Event: 5.601 Thread 0x000001f9fc555430 Exception <a 'java/lang/IncompatibleClassChangeError'{0x00000000a67b9150}: Found class java.lang.Object, but interface was expected> (0x00000000a67b9150) 
thrown [s\open\src\hotspot\share\interpreter\linkResolver.cpp, line 863]
Event: 5.698 Thread 0x000001f9fc555430 Exception <a 'java/lang/NoSuchMethodError'{0x00000000a6d8bcb8}: 'void java.lang.invoke.DirectMethodHandle$Holder.invokeStatic(java.lang.Object, int, java.lang.Object)'> (0x00000000a6d8bcb8) 
thrown [s\open\src\hotspot\share\interpreter\linkResolver.cpp, line 796]
Event: 5.738 Thread 0x000001f9fc555430 Exception <a 'java/lang/NoSuchMethodError'{0x00000000a6dd29b0}: 'int java.lang.invoke.DirectMethodHandle$Holder.invokeSpecial(java.lang.Object, java.lang.Object, java.lang.Object)'> (0x00000000a6dd29b0) 
thrown [s\open\src\hotspot\share\interpreter\linkResolver.cpp, line 796]
Event: 5.818 Thread 0x000001f9fc555430 Exception <a 'java/lang/NoSuchMethodError'{0x00000000a6b15368}: 'java.lang.Object java.lang.invoke.DirectMethodHandle$Holder.invokeStaticInit(java.lang.Object, java.lang.Object, java.lang.Object)'> (0x00000000a6b15368) 
thrown [s\open\src\hotspot\share\interpreter\linkResolver.cpp, line 796]
Event: 6.092 Thread 0x000001f9fc555430 Exception <a 'java/lang/NoSuchMethodError'{0x00000000a6884578}: 'java.lang.Object java.lang.invoke.DirectMethodHandle$Holder.invokeStaticInit(java.lang.Object, int, int, int, int)'> (0x00000000a6884578) 
thrown [s\open\src\hotspot\share\interpreter\linkResolver.cpp, line 796]
Event: 6.123 Thread 0x000001f9fc555430 Exception <a 'java/lang/NoSuchMethodError'{0x00000000a68b1268}: 'java.lang.Object java.lang.invoke.DirectMethodHandle$Holder.invokeStaticInit(java.lang.Object, java.lang.Object, int, int, int, int)'> (0x00000000a68b1268) 
thrown [s\open\src\hotspot\share\interpreter\linkResolver.cpp, line 796]
Event: 6.166 Thread 0x000001f9fc555430 Exception <a 'java/lang/ClassNotFoundException'{0x00000000a68cd188}: javax/management/remote/rmi/RMIServerImpl_Skel> (0x00000000a68cd188) 
thrown [s\open\src\hotspot\share\classfile\systemDictionary.cpp, line 313]
Event: 6.190 Thread 0x000001f9fc555430 Exception <a 'java/lang/NoSuchMethodError'{0x00000000a68e8ee0}: 'long java.lang.invoke.DirectMethodHandle$Holder.invokeSpecial(java.lang.Object, java.lang.Object)'> (0x00000000a68e8ee0) 
thrown [s\open\src\hotspot\share\interpreter\linkResolver.cpp, line 796]
Event: 6.190 Thread 0x000001f9fc555430 Exception <a 'java/lang/NoSuchMethodError'{0x00000000a68ec5d0}: 'long java.lang.invoke.Invokers$Holder.invokeExact_MT(java.lang.Object, java.lang.Object)'> (0x00000000a68ec5d0) 
thrown [s\open\src\hotspot\share\interpreter\linkResolver.cpp, line 796]
Event: 6.435 Thread 0x000001f9e3ad54f0 Exception <a 'java/lang/NoSuchMethodError'{0x00000000a6d9a200}: static [B.<clinit>()V> (0x00000000a6d9a200) 
thrown [s\open\src\hotspot\share\prims\jni.cpp, line 1111]
Event: 6.443 Thread 0x000001f9e3ad54f0 Exception <a 'java/lang/NoSuchMethodError'{0x00000000a6d9e688}: 'java.lang.Object java.lang.invoke.DirectMethodHandle$Holder.invokeInterface(java.lang.Object, java.lang.Object, java.lang.Object)'> (0x00000000a6d9e688) 
thrown [s\open\src\hotspot\share\interpreter\linkResolver.cpp, line 796]
Event: 6.500 Thread 0x000001f9e3ad54f0 Exception <a 'java/lang/ClassNotFoundException'{0x00000000a6dc4828}: javax/management/remote/rmi/RMIConnectionImpl_Skel> (0x00000000a6dc4828) 
thrown [s\open\src\hotspot\share\classfile\systemDictionary.cpp, line 313]
Event: 6.500 Thread 0x000001f9e3ad68a0 Exception <a 'java/lang/NoSuchMethodError'{0x00000000a6c01e10}: 'java.lang.Object java.lang.invoke.Invokers$Holder.linkToTargetMethod(java.lang.Object, long, java.lang.Object)'> (0x00000000a6c01e10) 
thrown [s\open\src\hotspot\share\interpreter\linkResolver.cpp, line 796]
Event: 6.531 Thread 0x000001f9e3ad54f0 Exception <a 'java/lang/NoSuchMethodError'{0x00000000a6c262a0}: 'java.lang.Object java.lang.invoke.DirectMethodHandle$Holder.invokeInterface(java.lang.Object, java.lang.Object)'> (0x00000000a6c262a0) 
thrown [s\open\src\hotspot\share\interpreter\linkResolver.cpp, line 796]
Event: 6.549 Thread 0x000001f9e3ad54f0 Exception <a 'java/lang/NoSuchMethodError'{0x00000000a6c4c070}: 'int java.lang.invoke.DelegatingMethodHandle$Holder.reinvoke_L(java.lang.Object, java.lang.Object, java.lang.Object, java.lang.Object, java.lang.Object)'> (0x00000000a6c4c070) 
thrown [s\open\src\hotspot\share\interpreter\linkResolver.cpp, line 796]
Event: 6.586 Thread 0x000001f9e3ad54f0 Exception <a 'java/lang/NoSuchMethodError'{0x00000000a6c68480}: 'java.lang.Object java.lang.invoke.DirectMethodHandle$Holder.invokeInterface(java.lang.Object, java.lang.Object, java.lang.Object, java.lang.Object, java.lang.Object)'> (0x00000000a6c68480) 
thrown [s\open\src\hotspot\share\interpreter\linkResolver.cpp, line 796]
Event: 6.593 Thread 0x000001f9e3ad54f0 Exception <a 'java/lang/NoSuchMethodError'{0x00000000a6c8c168}: 'double java.lang.invoke.DirectMethodHandle$Holder.invokeInterface(java.lang.Object, java.lang.Object)'> (0x00000000a6c8c168) 
thrown [s\open\src\hotspot\share\interpreter\linkResolver.cpp, line 796]
Event: 6.594 Thread 0x000001f9e3ad54f0 Exception <a 'java/lang/NoSuchMethodError'{0x00000000a6c93db0}: 'double java.lang.invoke.DelegatingMethodHandle$Holder.reinvoke_L(java.lang.Object, java.lang.Object)'> (0x00000000a6c93db0) 
thrown [s\open\src\hotspot\share\interpreter\linkResolver.cpp, line 796]
Event: 7.338 Thread 0x000001f9e3ad54f0 Exception <a 'java/lang/NoSuchMethodError'{0x00000000a6cad418}: 'long java.lang.invoke.DirectMethodHandle$Holder.invokeVirtual(java.lang.Object, java.lang.Object)'> (0x00000000a6cad418) 
thrown [s\open\src\hotspot\share\interpreter\linkResolver.cpp, line 796]
Event: 7.338 Thread 0x000001f9e3ad54f0 Exception <a 'java/lang/NoSuchMethodError'{0x00000000a6cb0a10}: 'long java.lang.invoke.DelegatingMethodHandle$Holder.reinvoke_L(java.lang.Object, java.lang.Object)'> (0x00000000a6cb0a10) 
thrown [s\open\src\hotspot\share\interpreter\linkResolver.cpp, line 796]

VM Operations (20 events):
Event: 60.241 Executing VM operation: HandshakeAllThreads (HandshakeForDeflation)
Event: 60.241 Executing VM operation: HandshakeAllThreads (HandshakeForDeflation) done
Event: 60.241 Executing VM operation: RendezvousGCThreads
Event: 60.241 Executing VM operation: RendezvousGCThreads done
Event: 63.850 Executing VM operation: HandshakeAllThreads (Deoptimize)
Event: 63.850 Executing VM operation: HandshakeAllThreads (Deoptimize) done
Event: 63.853 Executing VM operation: HandshakeAllThreads (Deoptimize)
Event: 63.854 Executing VM operation: HandshakeAllThreads (Deoptimize) done
Event: 88.323 Executing VM operation: HandshakeAllThreads (Deoptimize)
Event: 88.324 Executing VM operation: HandshakeAllThreads (Deoptimize) done
Event: 120.385 Executing VM operation: HandshakeAllThreads (HandshakeForDeflation)
Event: 120.385 Executing VM operation: HandshakeAllThreads (HandshakeForDeflation) done
Event: 120.385 Executing VM operation: RendezvousGCThreads
Event: 120.385 Executing VM operation: RendezvousGCThreads done
Event: 180.483 Executing VM operation: HandshakeAllThreads (HandshakeForDeflation)
Event: 180.483 Executing VM operation: HandshakeAllThreads (HandshakeForDeflation) done
Event: 180.483 Executing VM operation: RendezvousGCThreads
Event: 180.483 Executing VM operation: RendezvousGCThreads done
Event: 187.142 Executing VM operation: G1CollectForAllocation (G1 Evacuation Pause)
Event: 187.155 Executing VM operation: G1CollectForAllocation (G1 Evacuation Pause) done

Memory protections (0 events):
No events

Nmethod flushes (0 events):
No events

Events (20 events):
Event: 0.169 Thread 0x000001f9f62ba7f0 Thread added: 0x000001f9fc555430
Event: 0.169 Thread 0x000001f9f62ba7f0 Thread added: 0x000001f9fc555e90
Event: 0.169 Thread 0x000001f9f62ba7f0 Thread added: 0x000001f9fc5568f0
Event: 0.169 Thread 0x000001f9f62ba7f0 Thread added: 0x000001f9fc557680
Event: 0.185 Thread 0x000001f9f62ba7f0 Thread added: 0x000001f9fc5cb360
Event: 0.294 Thread 0x000001f9f62ba7f0 Thread added: 0x000001f9976ddc80
Event: 0.623 Thread 0x000001f9f62ba7f0 Thread added: 0x000001f9978783e0
Event: 0.623 Thread 0x000001f9f62ba7f0 Thread added: 0x000001f997878a50
Event: 1.338 Thread 0x000001f9f62ba7f0 Thread added: 0x000001f99793c520
Event: 1.341 Thread 0x000001f9f62ba7f0 Thread added: 0x000001f99794baf0
Event: 1.344 Thread 0x000001f9f62ba7f0 Thread added: 0x000001f99794f0a0
Event: 1.856 Thread 0x000001f9f62ba7f0 Thread added: 0x000001f9e205f780
Event: 2.134 Thread 0x000001f9f62ba7f0 Thread exited: 0x000001f9f62ba7f0
Event: 2.134 Thread 0x000001f9f62ba7f0 Thread added: 0x000001f9f62ba7f0
Event: 2.148 Thread 0x000001f9e205f780 Thread added: 0x000001f997865cf0
Event: 2.406 Thread 0x000001f9e205f780 Thread added: 0x000001f9e226df90
Event: 6.181 Thread 0x000001f9fc555430 Thread added: 0x000001f9e272a6c0
Event: 6.312 Thread 0x000001f9e272a6c0 Thread added: 0x000001f9e3ad54f0
Event: 6.432 Thread 0x000001f9e3ad54f0 Thread added: 0x000001f9e3ad5b80
Event: 6.459 Thread 0x000001f9e3ad54f0 Thread added: 0x000001f9e3ad68a0


Dynamic libraries:
0x00007ff6e63f0000 - 0x00007ff6e63fe000 	C:\Users\hp\.jdks\openjdk-23\bin\java.exe
0x00007ffc69990000 - 0x00007ffc69b88000 	C:\Windows\SYSTEM32\ntdll.dll
0x00007ffc691c0000 - 0x00007ffc69282000 	C:\Windows\System32\KERNEL32.DLL
0x00007ffc671c0000 - 0x00007ffc674be000 	C:\Windows\System32\KERNELBASE.dll
0x00007ffc642f0000 - 0x00007ffc64384000 	C:\Windows\SYSTEM32\apphelp.dll
0x00007ffc67610000 - 0x00007ffc67710000 	C:\Windows\System32\ucrtbase.dll
0x00007ffc56e70000 - 0x00007ffc56e87000 	C:\Users\hp\.jdks\openjdk-23\bin\jli.dll
0x00007ffc4af30000 - 0x00007ffc4af4b000 	C:\Users\hp\.jdks\openjdk-23\bin\VCRUNTIME140.dll
0x00007ffc67e00000 - 0x00007ffc67f9d000 	C:\Windows\System32\USER32.dll
0x00007ffc67980000 - 0x00007ffc679a2000 	C:\Windows\System32\win32u.dll
0x00007ffc67dd0000 - 0x00007ffc67dfb000 	C:\Windows\System32\GDI32.dll
0x00007ffc67710000 - 0x00007ffc67827000 	C:\Windows\System32\gdi32full.dll
0x00007ffc67830000 - 0x00007ffc678cd000 	C:\Windows\System32\msvcp_win.dll
0x00007ffc52e90000 - 0x00007ffc5312a000 	C:\Windows\WinSxS\amd64_microsoft.windows.common-controls_6595b64144ccf1df_6.0.19041.4355_none_60b8b9eb71f62e16\COMCTL32.dll
0x00007ffc69770000 - 0x00007ffc6980e000 	C:\Windows\System32\msvcrt.dll
0x00007ffc67da0000 - 0x00007ffc67dcf000 	C:\Windows\System32\IMM32.DLL
0x00007ffc64000000 - 0x00007ffc6400c000 	C:\Users\hp\.jdks\openjdk-23\bin\vcruntime140_1.dll
0x00007ffc43a50000 - 0x00007ffc43ade000 	C:\Users\hp\.jdks\openjdk-23\bin\msvcp140.dll
0x00007ffc1d060000 - 0x00007ffc1ddaf000 	C:\Users\hp\.jdks\openjdk-23\bin\server\jvm.dll
0x00007ffc67b80000 - 0x00007ffc67c32000 	C:\Windows\System32\ADVAPI32.dll
0x00007ffc68710000 - 0x00007ffc687b0000 	C:\Windows\System32\sechost.dll
0x00007ffc68fe0000 - 0x00007ffc69103000 	C:\Windows\System32\RPCRT4.dll
0x00007ffc67190000 - 0x00007ffc671b7000 	C:\Windows\System32\bcrypt.dll
0x00007ffc696a0000 - 0x00007ffc6970b000 	C:\Windows\System32\WS2_32.dll
0x00007ffc66e90000 - 0x00007ffc66edb000 	C:\Windows\SYSTEM32\POWRPROF.dll
0x00007ffc56a20000 - 0x00007ffc56a47000 	C:\Windows\SYSTEM32\WINMM.dll
0x00007ffc5d490000 - 0x00007ffc5d49a000 	C:\Windows\SYSTEM32\VERSION.dll
0x00007ffc66e70000 - 0x00007ffc66e82000 	C:\Windows\SYSTEM32\UMPDC.dll
0x00007ffc658a0000 - 0x00007ffc658b2000 	C:\Windows\SYSTEM32\kernel.appcore.dll
0x00007ffc5ff80000 - 0x00007ffc5ff8a000 	C:\Users\hp\.jdks\openjdk-23\bin\jimage.dll
0x00007ffc65630000 - 0x00007ffc65814000 	C:\Windows\SYSTEM32\DBGHELP.DLL
0x00007ffc5dad0000 - 0x00007ffc5db04000 	C:\Windows\SYSTEM32\dbgcore.DLL
0x00007ffc674c0000 - 0x00007ffc67542000 	C:\Windows\System32\bcryptPrimitives.dll
0x00007ffc527e0000 - 0x00007ffc527ef000 	C:\Users\hp\.jdks\openjdk-23\bin\instrument.dll
0x00007ffc4af10000 - 0x00007ffc4af2e000 	C:\Users\hp\.jdks\openjdk-23\bin\java.dll
0x00007ffc679b0000 - 0x00007ffc67adb000 	C:\Windows\System32\ole32.dll
0x00007ffc68810000 - 0x00007ffc68b63000 	C:\Windows\System32\combase.dll
0x00007ffc67fa0000 - 0x00007ffc6870f000 	C:\Windows\System32\SHELL32.dll
0x00007ffc64dc0000 - 0x00007ffc65564000 	C:\Windows\SYSTEM32\windows.storage.dll
0x00007ffc66990000 - 0x00007ffc669be000 	C:\Windows\SYSTEM32\Wldp.dll
0x00007ffc67c40000 - 0x00007ffc67d0d000 	C:\Windows\System32\OLEAUT32.dll
0x00007ffc692a0000 - 0x00007ffc6934d000 	C:\Windows\System32\SHCORE.dll
0x00007ffc695e0000 - 0x00007ffc69635000 	C:\Windows\System32\shlwapi.dll
0x00007ffc66f60000 - 0x00007ffc66f84000 	C:\Windows\SYSTEM32\profapi.dll
0x00007ffc43970000 - 0x00007ffc43a47000 	C:\Users\hp\.jdks\openjdk-23\bin\jsvml.dll
0x00007ffc4aef0000 - 0x00007ffc4af07000 	C:\Users\hp\.jdks\openjdk-23\bin\zip.dll
0x00007ffc523a0000 - 0x00007ffc523b0000 	C:\Users\hp\.jdks\openjdk-23\bin\net.dll
0x00007ffc666f0000 - 0x00007ffc6675a000 	C:\Windows\system32\mswsock.dll
0x00007ffc4aed0000 - 0x00007ffc4aee6000 	C:\Users\hp\.jdks\openjdk-23\bin\nio.dll
0x00007ffc4aeb0000 - 0x00007ffc4aeca000 	C:\Program Files\JetBrains\IntelliJ IDEA 2024.2.3\bin\breakgen64.dll
0x00007ffc4e090000 - 0x00007ffc4e099000 	C:\Users\hp\.jdks\openjdk-23\bin\extnet.dll
0x00007ffc31830000 - 0x00007ffc319bd000 	C:\Users\hp\.jdks\openjdk-23\bin\awt.dll
0x00007ffc648e0000 - 0x00007ffc6490f000 	C:\Windows\system32\DWMAPI.DLL
0x00007ffc646f0000 - 0x00007ffc6478e000 	C:\Windows\system32\uxtheme.dll
0x00007ffc30bc0000 - 0x00007ffc30ce8000 	C:\Windows\system32\opengl32.dll
0x00007ffc4b1f0000 - 0x00007ffc4b21c000 	C:\Windows\SYSTEM32\GLU32.dll
0x00007ffc69810000 - 0x00007ffc69925000 	C:\Windows\System32\MSCTF.dll
0x00007ffc5e980000 - 0x00007ffc5e9bb000 	C:\Windows\SYSTEM32\dxcore.dll
0x00007ffc675c0000 - 0x00007ffc6760e000 	C:\Windows\System32\cfgmgr32.dll
0x00007ffc438e0000 - 0x00007ffc43967000 	C:\Users\hp\.jdks\openjdk-23\bin\freetype.dll
0x00007ffc2ca50000 - 0x00007ffc2cb27000 	C:\Users\hp\.jdks\openjdk-23\bin\fontmanager.dll
0x00007ffc69110000 - 0x00007ffc691b9000 	C:\Windows\System32\clbcatq.dll
0x00007ffc644e0000 - 0x00007ffc64696000 	C:\Windows\SYSTEM32\WindowsCodecs.dll
0x00007ffc49460000 - 0x00007ffc4949e000 	C:\Windows\system32\dataexchange.dll
0x00007ffc62c50000 - 0x00007ffc62eb3000 	C:\Windows\system32\d3d11.dll
0x00007ffc63020000 - 0x00007ffc63204000 	C:\Windows\system32\dcomp.dll
0x00007ffc658c0000 - 0x00007ffc659b6000 	C:\Windows\system32\dxgi.dll
0x00007ffc60b30000 - 0x00007ffc60d33000 	C:\Windows\system32\twinapi.appcore.dll
0x00007ffc5aa50000 - 0x00007ffc5ab49000 	C:\Windows\SYSTEM32\textinputframework.dll
0x00007ffc63710000 - 0x00007ffc63a6b000 	C:\Windows\System32\CoreUIComponents.dll
0x00007ffc63af0000 - 0x00007ffc63be2000 	C:\Windows\System32\CoreMessaging.dll
0x00007ffc66260000 - 0x00007ffc66293000 	C:\Windows\SYSTEM32\ntmarta.dll
0x00007ffc62ec0000 - 0x00007ffc63017000 	C:\Windows\SYSTEM32\wintypes.dll
0x00007ffc66410000 - 0x00007ffc664da000 	C:\Windows\SYSTEM32\DNSAPI.dll
0x00007ffc663d0000 - 0x00007ffc6640b000 	C:\Windows\SYSTEM32\IPHLPAPI.DLL
0x00007ffc69290000 - 0x00007ffc69298000 	C:\Windows\System32\NSI.dll
0x00007ffc56650000 - 0x00007ffc5665a000 	C:\Windows\System32\rasadhlp.dll
0x00007ffc55dc0000 - 0x00007ffc55e40000 	C:\Windows\System32\fwpuclnt.dll
0x00007ffc4b960000 - 0x00007ffc4b96a000 	C:\Users\hp\.jdks\openjdk-23\bin\management.dll
0x00007ffc4b610000 - 0x00007ffc4b61b000 	C:\Users\hp\.jdks\openjdk-23\bin\management_ext.dll
0x00007ffc67b70000 - 0x00007ffc67b78000 	C:\Windows\System32\PSAPI.DLL
0x00007ffc668e0000 - 0x00007ffc668f8000 	C:\Windows\SYSTEM32\CRYPTSP.dll
0x00007ffc66010000 - 0x00007ffc66044000 	C:\Windows\system32\rsaenh.dll
0x00007ffc66f20000 - 0x00007ffc66f4e000 	C:\Windows\SYSTEM32\USERENV.dll
0x00007ffc66900000 - 0x00007ffc6690c000 	C:\Windows\SYSTEM32\CRYPTBASE.dll
0x00007ffc034b0000 - 0x00007ffc034c7000 	C:\Windows\system32\napinsp.dll
0x00007ffc034d0000 - 0x00007ffc034eb000 	C:\Windows\system32\pnrpnsp.dll
0x00007ffc62110000 - 0x00007ffc62125000 	C:\Windows\system32\wshbth.dll
0x00007ffc60870000 - 0x00007ffc6088d000 	C:\Windows\system32\NLAapi.dll
0x00007ffc034f0000 - 0x00007ffc03502000 	C:\Windows\System32\winrnr.dll
0x00007ffc522b0000 - 0x00007ffc52303000 	C:\Windows\SYSTEM32\pdh.dll
0x00007ffc5d350000 - 0x00007ffc5d35f000 	C:\Windows\System32\perfproc.dll
0x00007ffc60fb0000 - 0x00007ffc6101a000 	C:\Windows\system32\Ninput.dll
0x00007ffc58400000 - 0x00007ffc584ae000 	C:\Windows\SYSTEM32\TextShaping.dll

dbghelp: loaded successfully - version: 4.0.5 - missing functions: none
symbol engine: initialized successfully - sym options: 0x614 - pdb path: .;C:\Users\hp\.jdks\openjdk-23\bin;C:\Windows\SYSTEM32;C:\Windows\WinSxS\amd64_microsoft.windows.common-controls_6595b64144ccf1df_6.0.19041.4355_none_60b8b9eb71f62e16;C:\Users\hp\.jdks\openjdk-23\bin\server;C:\Program Files\JetBrains\IntelliJ IDEA 2024.2.3\bin;C:\Windows\System32\DriverStore\FileRepository\u0358167.inf_amd64_cc9bd0ef13c05690\B356644

VM Arguments:
jvm_args: -javaagent:C:\Program Files\JetBrains\IntelliJ IDEA 2024.2.3\lib\idea_rt.jar=59846:C:\Program Files\JetBrains\IntelliJ IDEA 2024.2.3\bin -Dfile.encoding=UTF-8 -Dsun.stdout.encoding=UTF-8 -Dsun.stderr.encoding=UTF-8 
java_command: GestionBibliotheque
java_class_path (initial): C:\Users\hp\IdeaProjects\projet_ihm\out\production\projet_ihm
Launcher Type: SUN_STANDARD

[Global flags]
     intx CICompilerCount                          = 2                                         {product} {ergonomic}
     uint ConcGCThreads                            = 1                                         {product} {ergonomic}
     uint G1ConcRefinementThreads                  = 2                                         {product} {ergonomic}
   size_t G1HeapRegionSize                         = 1048576                                   {product} {ergonomic}
   size_t InitialHeapSize                          = 100663296                                 {product} {ergonomic}
   size_t MarkStackSize                            = 4194304                                   {product} {ergonomic}
   size_t MarkStackSizeMax                         = 536870912                                 {product} {ergonomic}
   size_t MaxHeapSize                              = 1595932672                                {product} {ergonomic}
   size_t MaxNewSize                               = 957349888                                 {product} {ergonomic}
   size_t MinHeapDeltaBytes                        = 1048576                                   {product} {ergonomic}
   size_t MinHeapSize                              = 8388608                                   {product} {ergonomic}
    uintx NonNMethodCodeHeapSize                   = 5767168                                {pd product} {ergonomic}
    uintx NonProfiledCodeHeapSize                  = 123011072                              {pd product} {ergonomic}
    uintx ProfiledCodeHeapSize                     = 122880000                              {pd product} {ergonomic}
    uintx ReservedCodeCacheSize                    = 251658240                              {pd product} {ergonomic}
     bool SegmentedCodeCache                       = true                                      {product} {ergonomic}
   size_t SoftMaxHeapSize                          = 1595932672                             {manageable} {ergonomic}
     bool UseCompressedOops                        = true                           {product lp64_product} {ergonomic}
     bool UseG1GC                                  = true                                      {product} {ergonomic}
     bool UseLargePagesIndividualAllocation        = false                                  {pd product} {ergonomic}

Logging:
Log output configuration:
 #0: stdout all=warning uptime,level,tags foldmultilines=false
 #1: stderr all=off uptime,level,tags foldmultilines=false

Environment Variables:
PATH=C:\Program Files (x86)\Microsoft\Edge\Application;C:\Windows\system32;C:\Windows;C:\Windows\System32\Wbem;C:\Windows\System32\WindowsPowerShell\v1.0\;C:\Windows\System32\OpenSSH\;C:\Users\hp\AppData\Local\Microsoft\WindowsApps;C:\Users\hp\AppData\Local\Programs\Microsoft VS Code\bin
USERNAME=hp
OS=Windows_NT
PROCESSOR_IDENTIFIER=AMD64 Family 23 Model 32 Stepping 1, AuthenticAMD
TMP=C:\Users\hp\AppData\Local\Temp
TEMP=C:\Users\hp\AppData\Local\Temp




Periodic native trim disabled

---------------  S Y S T E M  ---------------

OS:
 Windows 10 , 64 bit Build 19041 (10.0.19041.4957)
OS uptime: 2 days 2:58 hours

CPU: total 2 (initial active 2) (2 cores per cpu, 1 threads per core) family 23 model 32 stepping 1 microcode 0x0, cx8, cmov, fxsr, mmx, 3dnowpref, sse, sse2, sse3, ssse3, sse4a, sse4.1, sse4.2, popcnt, lzcnt, tsc, tscinvbit, avx, avx2, aes, clmul, bmi1, bmi2, adx, sha, fma, vzeroupper, clflush, clflushopt, rdtscp, f16c
Processor Information for the first 2 processors :
  Max Mhz: 1200, Current Mhz: 1200, Mhz Limit: 1200

Memory: 4k page, system-wide physical 6086M (413M free)
TotalPageFile size 21265M (AvailPageFile size 893M)
current process WorkingSet (physical memory assigned to process): 111M, peak: 152M
current process commit charge ("private bytes"): 203M, peak: 259M

vm_info: OpenJDK 64-Bit Server VM (23+37-2369) for windows-amd64 JRE (23+37-2369), built on 2024-08-20T16:01:23Z with MS VC++ 17.6 (VS2022)

END.
